<?xml version="1.0" encoding="UTF-8"?>
<testsuite xmlns:xsi="http://www.w3.org/2001/XMLSchema-instance" xsi:noNamespaceSchemaLocation="https://maven.apache.org/surefire/maven-surefire-plugin/xsd/surefire-test-report.xsd" name="API.model.HumidityModelTest" time="0" tests="5" errors="0" skipped="0" failures="0">
  <properties>
    <property name="java.specification.version" value="13"/>
    <property name="sun.jnu.encoding" value="UTF-8"/>
    <property name="java.class.path" value="/Users/filippoluppi/Desktop/ProgettoGEA/GeaAPI/target/test-classes:/Users/filippoluppi/Desktop/ProgettoGEA/GeaAPI/target/classes:/Users/filippoluppi/.m2/repository/org/springframework/boot/spring-boot-starter-actuator/2.3.1.RELEASE/spring-boot-starter-actuator-2.3.1.RELEASE.jar:/Users/filippoluppi/.m2/repository/org/springframework/boot/spring-boot-starter/2.3.1.RELEASE/spring-boot-starter-2.3.1.RELEASE.jar:/Users/filippoluppi/.m2/repository/org/springframework/boot/spring-boot-starter-logging/2.3.1.RELEASE/spring-boot-starter-logging-2.3.1.RELEASE.jar:/Users/filippoluppi/.m2/repository/ch/qos/logback/logback-classic/1.2.3/logback-classic-1.2.3.jar:/Users/filippoluppi/.m2/repository/ch/qos/logback/logback-core/1.2.3/logback-core-1.2.3.jar:/Users/filippoluppi/.m2/repository/org/apache/logging/log4j/log4j-to-slf4j/2.13.3/log4j-to-slf4j-2.13.3.jar:/Users/filippoluppi/.m2/repository/org/slf4j/jul-to-slf4j/1.7.30/jul-to-slf4j-1.7.30.jar:/Users/filippoluppi/.m2/repository/jakarta/annotation/jakarta.annotation-api/1.3.5/jakarta.annotation-api-1.3.5.jar:/Users/filippoluppi/.m2/repository/org/yaml/snakeyaml/1.26/snakeyaml-1.26.jar:/Users/filippoluppi/.m2/repository/org/springframework/boot/spring-boot-actuator-autoconfigure/2.3.1.RELEASE/spring-boot-actuator-autoconfigure-2.3.1.RELEASE.jar:/Users/filippoluppi/.m2/repository/org/springframework/boot/spring-boot-actuator/2.3.1.RELEASE/spring-boot-actuator-2.3.1.RELEASE.jar:/Users/filippoluppi/.m2/repository/com/fasterxml/jackson/core/jackson-databind/2.11.0/jackson-databind-2.11.0.jar:/Users/filippoluppi/.m2/repository/com/fasterxml/jackson/core/jackson-annotations/2.11.0/jackson-annotations-2.11.0.jar:/Users/filippoluppi/.m2/repository/com/fasterxml/jackson/datatype/jackson-datatype-jsr310/2.11.0/jackson-datatype-jsr310-2.11.0.jar:/Users/filippoluppi/.m2/repository/io/micrometer/micrometer-core/1.5.1/micrometer-core-1.5.1.jar:/Users/filippoluppi/.m2/repository/org/latencyutils/LatencyUtils/2.0.3/LatencyUtils-2.0.3.jar:/Users/filippoluppi/.m2/repository/org/springframework/boot/spring-boot-starter-web/2.3.1.RELEASE/spring-boot-starter-web-2.3.1.RELEASE.jar:/Users/filippoluppi/.m2/repository/org/springframework/boot/spring-boot-starter-json/2.3.1.RELEASE/spring-boot-starter-json-2.3.1.RELEASE.jar:/Users/filippoluppi/.m2/repository/com/fasterxml/jackson/datatype/jackson-datatype-jdk8/2.11.0/jackson-datatype-jdk8-2.11.0.jar:/Users/filippoluppi/.m2/repository/com/fasterxml/jackson/module/jackson-module-parameter-names/2.11.0/jackson-module-parameter-names-2.11.0.jar:/Users/filippoluppi/.m2/repository/org/springframework/boot/spring-boot-starter-tomcat/2.3.1.RELEASE/spring-boot-starter-tomcat-2.3.1.RELEASE.jar:/Users/filippoluppi/.m2/repository/org/apache/tomcat/embed/tomcat-embed-core/9.0.36/tomcat-embed-core-9.0.36.jar:/Users/filippoluppi/.m2/repository/org/glassfish/jakarta.el/3.0.3/jakarta.el-3.0.3.jar:/Users/filippoluppi/.m2/repository/org/apache/tomcat/embed/tomcat-embed-websocket/9.0.36/tomcat-embed-websocket-9.0.36.jar:/Users/filippoluppi/.m2/repository/org/springframework/spring-web/5.2.7.RELEASE/spring-web-5.2.7.RELEASE.jar:/Users/filippoluppi/.m2/repository/org/springframework/spring-beans/5.2.7.RELEASE/spring-beans-5.2.7.RELEASE.jar:/Users/filippoluppi/.m2/repository/org/springframework/spring-webmvc/5.2.7.RELEASE/spring-webmvc-5.2.7.RELEASE.jar:/Users/filippoluppi/.m2/repository/org/springframework/spring-aop/5.2.7.RELEASE/spring-aop-5.2.7.RELEASE.jar:/Users/filippoluppi/.m2/repository/org/springframework/spring-context/5.2.7.RELEASE/spring-context-5.2.7.RELEASE.jar:/Users/filippoluppi/.m2/repository/org/springframework/spring-expression/5.2.7.RELEASE/spring-expression-5.2.7.RELEASE.jar:/Users/filippoluppi/.m2/repository/org/springframework/boot/spring-boot-devtools/2.3.1.RELEASE/spring-boot-devtools-2.3.1.RELEASE.jar:/Users/filippoluppi/.m2/repository/org/springframework/boot/spring-boot/2.3.1.RELEASE/spring-boot-2.3.1.RELEASE.jar:/Users/filippoluppi/.m2/repository/org/springframework/boot/spring-boot-autoconfigure/2.3.1.RELEASE/spring-boot-autoconfigure-2.3.1.RELEASE.jar:/Users/filippoluppi/.m2/repository/org/springframework/boot/spring-boot-starter-test/2.3.1.RELEASE/spring-boot-starter-test-2.3.1.RELEASE.jar:/Users/filippoluppi/.m2/repository/org/springframework/boot/spring-boot-test/2.3.1.RELEASE/spring-boot-test-2.3.1.RELEASE.jar:/Users/filippoluppi/.m2/repository/org/springframework/boot/spring-boot-test-autoconfigure/2.3.1.RELEASE/spring-boot-test-autoconfigure-2.3.1.RELEASE.jar:/Users/filippoluppi/.m2/repository/com/jayway/jsonpath/json-path/2.4.0/json-path-2.4.0.jar:/Users/filippoluppi/.m2/repository/net/minidev/json-smart/2.3/json-smart-2.3.jar:/Users/filippoluppi/.m2/repository/net/minidev/accessors-smart/1.2/accessors-smart-1.2.jar:/Users/filippoluppi/.m2/repository/org/ow2/asm/asm/5.0.4/asm-5.0.4.jar:/Users/filippoluppi/.m2/repository/org/slf4j/slf4j-api/1.7.30/slf4j-api-1.7.30.jar:/Users/filippoluppi/.m2/repository/jakarta/xml/bind/jakarta.xml.bind-api/2.3.3/jakarta.xml.bind-api-2.3.3.jar:/Users/filippoluppi/.m2/repository/jakarta/activation/jakarta.activation-api/1.2.2/jakarta.activation-api-1.2.2.jar:/Users/filippoluppi/.m2/repository/org/assertj/assertj-core/3.16.1/assertj-core-3.16.1.jar:/Users/filippoluppi/.m2/repository/org/hamcrest/hamcrest/2.2/hamcrest-2.2.jar:/Users/filippoluppi/.m2/repository/org/junit/jupiter/junit-jupiter/5.6.2/junit-jupiter-5.6.2.jar:/Users/filippoluppi/.m2/repository/org/junit/jupiter/junit-jupiter-api/5.6.2/junit-jupiter-api-5.6.2.jar:/Users/filippoluppi/.m2/repository/org/opentest4j/opentest4j/1.2.0/opentest4j-1.2.0.jar:/Users/filippoluppi/.m2/repository/org/junit/platform/junit-platform-commons/1.6.2/junit-platform-commons-1.6.2.jar:/Users/filippoluppi/.m2/repository/org/junit/jupiter/junit-jupiter-params/5.6.2/junit-jupiter-params-5.6.2.jar:/Users/filippoluppi/.m2/repository/org/junit/jupiter/junit-jupiter-engine/5.6.2/junit-jupiter-engine-5.6.2.jar:/Users/filippoluppi/.m2/repository/org/junit/vintage/junit-vintage-engine/5.6.2/junit-vintage-engine-5.6.2.jar:/Users/filippoluppi/.m2/repository/org/apiguardian/apiguardian-api/1.1.0/apiguardian-api-1.1.0.jar:/Users/filippoluppi/.m2/repository/org/junit/platform/junit-platform-engine/1.6.2/junit-platform-engine-1.6.2.jar:/Users/filippoluppi/.m2/repository/junit/junit/4.13/junit-4.13.jar:/Users/filippoluppi/.m2/repository/org/mockito/mockito-core/3.3.3/mockito-core-3.3.3.jar:/Users/filippoluppi/.m2/repository/net/bytebuddy/byte-buddy/1.10.11/byte-buddy-1.10.11.jar:/Users/filippoluppi/.m2/repository/net/bytebuddy/byte-buddy-agent/1.10.11/byte-buddy-agent-1.10.11.jar:/Users/filippoluppi/.m2/repository/org/objenesis/objenesis/2.6/objenesis-2.6.jar:/Users/filippoluppi/.m2/repository/org/mockito/mockito-junit-jupiter/3.3.3/mockito-junit-jupiter-3.3.3.jar:/Users/filippoluppi/.m2/repository/org/skyscreamer/jsonassert/1.5.0/jsonassert-1.5.0.jar:/Users/filippoluppi/.m2/repository/com/vaadin/external/google/android-json/0.0.20131108.vaadin1/android-json-0.0.20131108.vaadin1.jar:/Users/filippoluppi/.m2/repository/org/springframework/spring-core/5.2.7.RELEASE/spring-core-5.2.7.RELEASE.jar:/Users/filippoluppi/.m2/repository/org/springframework/spring-jcl/5.2.7.RELEASE/spring-jcl-5.2.7.RELEASE.jar:/Users/filippoluppi/.m2/repository/org/springframework/spring-test/5.2.7.RELEASE/spring-test-5.2.7.RELEASE.jar:/Users/filippoluppi/.m2/repository/org/xmlunit/xmlunit-core/2.7.0/xmlunit-core-2.7.0.jar:/Users/filippoluppi/.m2/repository/org/springframework/security/spring-security-test/5.3.3.RELEASE/spring-security-test-5.3.3.RELEASE.jar:/Users/filippoluppi/.m2/repository/org/springframework/security/spring-security-core/5.3.3.RELEASE/spring-security-core-5.3.3.RELEASE.jar:/Users/filippoluppi/.m2/repository/org/springframework/security/spring-security-web/5.3.3.RELEASE/spring-security-web-5.3.3.RELEASE.jar:/Users/filippoluppi/.m2/repository/org/elasticsearch/client/elasticsearch-rest-high-level-client/7.8.1/elasticsearch-rest-high-level-client-7.8.1.jar:/Users/filippoluppi/.m2/repository/org/elasticsearch/client/elasticsearch-rest-client/7.6.2/elasticsearch-rest-client-7.6.2.jar:/Users/filippoluppi/.m2/repository/org/apache/httpcomponents/httpclient/4.5.12/httpclient-4.5.12.jar:/Users/filippoluppi/.m2/repository/org/apache/httpcomponents/httpcore/4.4.13/httpcore-4.4.13.jar:/Users/filippoluppi/.m2/repository/org/apache/httpcomponents/httpasyncclient/4.1.4/httpasyncclient-4.1.4.jar:/Users/filippoluppi/.m2/repository/org/apache/httpcomponents/httpcore-nio/4.4.13/httpcore-nio-4.4.13.jar:/Users/filippoluppi/.m2/repository/commons-codec/commons-codec/1.14/commons-codec-1.14.jar:/Users/filippoluppi/.m2/repository/org/elasticsearch/plugin/mapper-extras-client/7.8.1/mapper-extras-client-7.8.1.jar:/Users/filippoluppi/.m2/repository/org/elasticsearch/plugin/parent-join-client/7.8.1/parent-join-client-7.8.1.jar:/Users/filippoluppi/.m2/repository/org/elasticsearch/plugin/aggs-matrix-stats-client/7.8.1/aggs-matrix-stats-client-7.8.1.jar:/Users/filippoluppi/.m2/repository/org/elasticsearch/plugin/rank-eval-client/7.8.1/rank-eval-client-7.8.1.jar:/Users/filippoluppi/.m2/repository/org/elasticsearch/plugin/lang-mustache-client/7.8.1/lang-mustache-client-7.8.1.jar:/Users/filippoluppi/.m2/repository/com/github/spullara/mustache/java/compiler/0.9.6/compiler-0.9.6.jar:/Users/filippoluppi/.m2/repository/org/elasticsearch/elasticsearch/7.8.1/elasticsearch-7.8.1.jar:/Users/filippoluppi/.m2/repository/org/elasticsearch/elasticsearch-core/7.8.1/elasticsearch-core-7.8.1.jar:/Users/filippoluppi/.m2/repository/org/elasticsearch/elasticsearch-secure-sm/7.8.1/elasticsearch-secure-sm-7.8.1.jar:/Users/filippoluppi/.m2/repository/org/elasticsearch/elasticsearch-x-content/7.8.1/elasticsearch-x-content-7.8.1.jar:/Users/filippoluppi/.m2/repository/com/fasterxml/jackson/core/jackson-core/2.11.0/jackson-core-2.11.0.jar:/Users/filippoluppi/.m2/repository/com/fasterxml/jackson/dataformat/jackson-dataformat-smile/2.11.0/jackson-dataformat-smile-2.11.0.jar:/Users/filippoluppi/.m2/repository/com/fasterxml/jackson/dataformat/jackson-dataformat-yaml/2.11.0/jackson-dataformat-yaml-2.11.0.jar:/Users/filippoluppi/.m2/repository/com/fasterxml/jackson/dataformat/jackson-dataformat-cbor/2.11.0/jackson-dataformat-cbor-2.11.0.jar:/Users/filippoluppi/.m2/repository/org/elasticsearch/elasticsearch-geo/7.8.1/elasticsearch-geo-7.8.1.jar:/Users/filippoluppi/.m2/repository/org/apache/lucene/lucene-core/8.5.1/lucene-core-8.5.1.jar:/Users/filippoluppi/.m2/repository/org/apache/lucene/lucene-analyzers-common/8.5.1/lucene-analyzers-common-8.5.1.jar:/Users/filippoluppi/.m2/repository/org/apache/lucene/lucene-backward-codecs/8.5.1/lucene-backward-codecs-8.5.1.jar:/Users/filippoluppi/.m2/repository/org/apache/lucene/lucene-grouping/8.5.1/lucene-grouping-8.5.1.jar:/Users/filippoluppi/.m2/repository/org/apache/lucene/lucene-highlighter/8.5.1/lucene-highlighter-8.5.1.jar:/Users/filippoluppi/.m2/repository/org/apache/lucene/lucene-join/8.5.1/lucene-join-8.5.1.jar:/Users/filippoluppi/.m2/repository/org/apache/lucene/lucene-memory/8.5.1/lucene-memory-8.5.1.jar:/Users/filippoluppi/.m2/repository/org/apache/lucene/lucene-misc/8.5.1/lucene-misc-8.5.1.jar:/Users/filippoluppi/.m2/repository/org/apache/lucene/lucene-queries/8.5.1/lucene-queries-8.5.1.jar:/Users/filippoluppi/.m2/repository/org/apache/lucene/lucene-queryparser/8.5.1/lucene-queryparser-8.5.1.jar:/Users/filippoluppi/.m2/repository/org/apache/lucene/lucene-sandbox/8.5.1/lucene-sandbox-8.5.1.jar:/Users/filippoluppi/.m2/repository/org/apache/lucene/lucene-spatial-extras/8.5.1/lucene-spatial-extras-8.5.1.jar:/Users/filippoluppi/.m2/repository/org/apache/lucene/lucene-spatial3d/8.5.1/lucene-spatial3d-8.5.1.jar:/Users/filippoluppi/.m2/repository/org/apache/lucene/lucene-suggest/8.5.1/lucene-suggest-8.5.1.jar:/Users/filippoluppi/.m2/repository/org/elasticsearch/elasticsearch-cli/7.8.1/elasticsearch-cli-7.8.1.jar:/Users/filippoluppi/.m2/repository/net/sf/jopt-simple/jopt-simple/5.0.2/jopt-simple-5.0.2.jar:/Users/filippoluppi/.m2/repository/com/carrotsearch/hppc/0.8.1/hppc-0.8.1.jar:/Users/filippoluppi/.m2/repository/joda-time/joda-time/2.10.4/joda-time-2.10.4.jar:/Users/filippoluppi/.m2/repository/com/tdunning/t-digest/3.2/t-digest-3.2.jar:/Users/filippoluppi/.m2/repository/org/hdrhistogram/HdrHistogram/2.1.9/HdrHistogram-2.1.9.jar:/Users/filippoluppi/.m2/repository/org/apache/logging/log4j/log4j-api/2.13.3/log4j-api-2.13.3.jar:/Users/filippoluppi/.m2/repository/org/elasticsearch/jna/5.5.0/jna-5.5.0.jar:"/>
    <property name="java.vm.vendor" value="Oracle Corporation"/>
    <property name="sun.arch.data.model" value="64"/>
    <property name="java.vendor.url" value="https://java.oracle.com/"/>
    <property name="os.name" value="Mac OS X"/>
    <property name="java.vm.specification.version" value="13"/>
    <property name="sun.java.launcher" value="SUN_STANDARD"/>
    <property name="user.country" value="IT"/>
    <property name="sun.boot.library.path" value="/Library/Java/JavaVirtualMachines/jdk-13.0.1.jdk/Contents/Home/lib"/>
    <property name="sun.java.command" value="/Users/filippoluppi/Desktop/ProgettoGEA/GeaAPI/target/surefire/surefirebooter16701889170249642491.jar /Users/filippoluppi/Desktop/ProgettoGEA/GeaAPI/target/surefire 2021-02-07T22-47-03_059-jvmRun1 surefire800087104168950359tmp surefire_05803044727909816049tmp"/>
    <property name="http.nonProxyHosts" value="local|*.local|169.254/16|*.169.254/16"/>
    <property name="jdk.debug" value="release"/>
    <property name="surefire.test.class.path" value="/Users/filippoluppi/Desktop/ProgettoGEA/GeaAPI/target/test-classes:/Users/filippoluppi/Desktop/ProgettoGEA/GeaAPI/target/classes:/Users/filippoluppi/.m2/repository/org/springframework/boot/spring-boot-starter-actuator/2.3.1.RELEASE/spring-boot-starter-actuator-2.3.1.RELEASE.jar:/Users/filippoluppi/.m2/repository/org/springframework/boot/spring-boot-starter/2.3.1.RELEASE/spring-boot-starter-2.3.1.RELEASE.jar:/Users/filippoluppi/.m2/repository/org/springframework/boot/spring-boot-starter-logging/2.3.1.RELEASE/spring-boot-starter-logging-2.3.1.RELEASE.jar:/Users/filippoluppi/.m2/repository/ch/qos/logback/logback-classic/1.2.3/logback-classic-1.2.3.jar:/Users/filippoluppi/.m2/repository/ch/qos/logback/logback-core/1.2.3/logback-core-1.2.3.jar:/Users/filippoluppi/.m2/repository/org/apache/logging/log4j/log4j-to-slf4j/2.13.3/log4j-to-slf4j-2.13.3.jar:/Users/filippoluppi/.m2/repository/org/slf4j/jul-to-slf4j/1.7.30/jul-to-slf4j-1.7.30.jar:/Users/filippoluppi/.m2/repository/jakarta/annotation/jakarta.annotation-api/1.3.5/jakarta.annotation-api-1.3.5.jar:/Users/filippoluppi/.m2/repository/org/yaml/snakeyaml/1.26/snakeyaml-1.26.jar:/Users/filippoluppi/.m2/repository/org/springframework/boot/spring-boot-actuator-autoconfigure/2.3.1.RELEASE/spring-boot-actuator-autoconfigure-2.3.1.RELEASE.jar:/Users/filippoluppi/.m2/repository/org/springframework/boot/spring-boot-actuator/2.3.1.RELEASE/spring-boot-actuator-2.3.1.RELEASE.jar:/Users/filippoluppi/.m2/repository/com/fasterxml/jackson/core/jackson-databind/2.11.0/jackson-databind-2.11.0.jar:/Users/filippoluppi/.m2/repository/com/fasterxml/jackson/core/jackson-annotations/2.11.0/jackson-annotations-2.11.0.jar:/Users/filippoluppi/.m2/repository/com/fasterxml/jackson/datatype/jackson-datatype-jsr310/2.11.0/jackson-datatype-jsr310-2.11.0.jar:/Users/filippoluppi/.m2/repository/io/micrometer/micrometer-core/1.5.1/micrometer-core-1.5.1.jar:/Users/filippoluppi/.m2/repository/org/latencyutils/LatencyUtils/2.0.3/LatencyUtils-2.0.3.jar:/Users/filippoluppi/.m2/repository/org/springframework/boot/spring-boot-starter-web/2.3.1.RELEASE/spring-boot-starter-web-2.3.1.RELEASE.jar:/Users/filippoluppi/.m2/repository/org/springframework/boot/spring-boot-starter-json/2.3.1.RELEASE/spring-boot-starter-json-2.3.1.RELEASE.jar:/Users/filippoluppi/.m2/repository/com/fasterxml/jackson/datatype/jackson-datatype-jdk8/2.11.0/jackson-datatype-jdk8-2.11.0.jar:/Users/filippoluppi/.m2/repository/com/fasterxml/jackson/module/jackson-module-parameter-names/2.11.0/jackson-module-parameter-names-2.11.0.jar:/Users/filippoluppi/.m2/repository/org/springframework/boot/spring-boot-starter-tomcat/2.3.1.RELEASE/spring-boot-starter-tomcat-2.3.1.RELEASE.jar:/Users/filippoluppi/.m2/repository/org/apache/tomcat/embed/tomcat-embed-core/9.0.36/tomcat-embed-core-9.0.36.jar:/Users/filippoluppi/.m2/repository/org/glassfish/jakarta.el/3.0.3/jakarta.el-3.0.3.jar:/Users/filippoluppi/.m2/repository/org/apache/tomcat/embed/tomcat-embed-websocket/9.0.36/tomcat-embed-websocket-9.0.36.jar:/Users/filippoluppi/.m2/repository/org/springframework/spring-web/5.2.7.RELEASE/spring-web-5.2.7.RELEASE.jar:/Users/filippoluppi/.m2/repository/org/springframework/spring-beans/5.2.7.RELEASE/spring-beans-5.2.7.RELEASE.jar:/Users/filippoluppi/.m2/repository/org/springframework/spring-webmvc/5.2.7.RELEASE/spring-webmvc-5.2.7.RELEASE.jar:/Users/filippoluppi/.m2/repository/org/springframework/spring-aop/5.2.7.RELEASE/spring-aop-5.2.7.RELEASE.jar:/Users/filippoluppi/.m2/repository/org/springframework/spring-context/5.2.7.RELEASE/spring-context-5.2.7.RELEASE.jar:/Users/filippoluppi/.m2/repository/org/springframework/spring-expression/5.2.7.RELEASE/spring-expression-5.2.7.RELEASE.jar:/Users/filippoluppi/.m2/repository/org/springframework/boot/spring-boot-devtools/2.3.1.RELEASE/spring-boot-devtools-2.3.1.RELEASE.jar:/Users/filippoluppi/.m2/repository/org/springframework/boot/spring-boot/2.3.1.RELEASE/spring-boot-2.3.1.RELEASE.jar:/Users/filippoluppi/.m2/repository/org/springframework/boot/spring-boot-autoconfigure/2.3.1.RELEASE/spring-boot-autoconfigure-2.3.1.RELEASE.jar:/Users/filippoluppi/.m2/repository/org/springframework/boot/spring-boot-starter-test/2.3.1.RELEASE/spring-boot-starter-test-2.3.1.RELEASE.jar:/Users/filippoluppi/.m2/repository/org/springframework/boot/spring-boot-test/2.3.1.RELEASE/spring-boot-test-2.3.1.RELEASE.jar:/Users/filippoluppi/.m2/repository/org/springframework/boot/spring-boot-test-autoconfigure/2.3.1.RELEASE/spring-boot-test-autoconfigure-2.3.1.RELEASE.jar:/Users/filippoluppi/.m2/repository/com/jayway/jsonpath/json-path/2.4.0/json-path-2.4.0.jar:/Users/filippoluppi/.m2/repository/net/minidev/json-smart/2.3/json-smart-2.3.jar:/Users/filippoluppi/.m2/repository/net/minidev/accessors-smart/1.2/accessors-smart-1.2.jar:/Users/filippoluppi/.m2/repository/org/ow2/asm/asm/5.0.4/asm-5.0.4.jar:/Users/filippoluppi/.m2/repository/org/slf4j/slf4j-api/1.7.30/slf4j-api-1.7.30.jar:/Users/filippoluppi/.m2/repository/jakarta/xml/bind/jakarta.xml.bind-api/2.3.3/jakarta.xml.bind-api-2.3.3.jar:/Users/filippoluppi/.m2/repository/jakarta/activation/jakarta.activation-api/1.2.2/jakarta.activation-api-1.2.2.jar:/Users/filippoluppi/.m2/repository/org/assertj/assertj-core/3.16.1/assertj-core-3.16.1.jar:/Users/filippoluppi/.m2/repository/org/hamcrest/hamcrest/2.2/hamcrest-2.2.jar:/Users/filippoluppi/.m2/repository/org/junit/jupiter/junit-jupiter/5.6.2/junit-jupiter-5.6.2.jar:/Users/filippoluppi/.m2/repository/org/junit/jupiter/junit-jupiter-api/5.6.2/junit-jupiter-api-5.6.2.jar:/Users/filippoluppi/.m2/repository/org/opentest4j/opentest4j/1.2.0/opentest4j-1.2.0.jar:/Users/filippoluppi/.m2/repository/org/junit/platform/junit-platform-commons/1.6.2/junit-platform-commons-1.6.2.jar:/Users/filippoluppi/.m2/repository/org/junit/jupiter/junit-jupiter-params/5.6.2/junit-jupiter-params-5.6.2.jar:/Users/filippoluppi/.m2/repository/org/junit/jupiter/junit-jupiter-engine/5.6.2/junit-jupiter-engine-5.6.2.jar:/Users/filippoluppi/.m2/repository/org/junit/vintage/junit-vintage-engine/5.6.2/junit-vintage-engine-5.6.2.jar:/Users/filippoluppi/.m2/repository/org/apiguardian/apiguardian-api/1.1.0/apiguardian-api-1.1.0.jar:/Users/filippoluppi/.m2/repository/org/junit/platform/junit-platform-engine/1.6.2/junit-platform-engine-1.6.2.jar:/Users/filippoluppi/.m2/repository/junit/junit/4.13/junit-4.13.jar:/Users/filippoluppi/.m2/repository/org/mockito/mockito-core/3.3.3/mockito-core-3.3.3.jar:/Users/filippoluppi/.m2/repository/net/bytebuddy/byte-buddy/1.10.11/byte-buddy-1.10.11.jar:/Users/filippoluppi/.m2/repository/net/bytebuddy/byte-buddy-agent/1.10.11/byte-buddy-agent-1.10.11.jar:/Users/filippoluppi/.m2/repository/org/objenesis/objenesis/2.6/objenesis-2.6.jar:/Users/filippoluppi/.m2/repository/org/mockito/mockito-junit-jupiter/3.3.3/mockito-junit-jupiter-3.3.3.jar:/Users/filippoluppi/.m2/repository/org/skyscreamer/jsonassert/1.5.0/jsonassert-1.5.0.jar:/Users/filippoluppi/.m2/repository/com/vaadin/external/google/android-json/0.0.20131108.vaadin1/android-json-0.0.20131108.vaadin1.jar:/Users/filippoluppi/.m2/repository/org/springframework/spring-core/5.2.7.RELEASE/spring-core-5.2.7.RELEASE.jar:/Users/filippoluppi/.m2/repository/org/springframework/spring-jcl/5.2.7.RELEASE/spring-jcl-5.2.7.RELEASE.jar:/Users/filippoluppi/.m2/repository/org/springframework/spring-test/5.2.7.RELEASE/spring-test-5.2.7.RELEASE.jar:/Users/filippoluppi/.m2/repository/org/xmlunit/xmlunit-core/2.7.0/xmlunit-core-2.7.0.jar:/Users/filippoluppi/.m2/repository/org/springframework/security/spring-security-test/5.3.3.RELEASE/spring-security-test-5.3.3.RELEASE.jar:/Users/filippoluppi/.m2/repository/org/springframework/security/spring-security-core/5.3.3.RELEASE/spring-security-core-5.3.3.RELEASE.jar:/Users/filippoluppi/.m2/repository/org/springframework/security/spring-security-web/5.3.3.RELEASE/spring-security-web-5.3.3.RELEASE.jar:/Users/filippoluppi/.m2/repository/org/elasticsearch/client/elasticsearch-rest-high-level-client/7.8.1/elasticsearch-rest-high-level-client-7.8.1.jar:/Users/filippoluppi/.m2/repository/org/elasticsearch/client/elasticsearch-rest-client/7.6.2/elasticsearch-rest-client-7.6.2.jar:/Users/filippoluppi/.m2/repository/org/apache/httpcomponents/httpclient/4.5.12/httpclient-4.5.12.jar:/Users/filippoluppi/.m2/repository/org/apache/httpcomponents/httpcore/4.4.13/httpcore-4.4.13.jar:/Users/filippoluppi/.m2/repository/org/apache/httpcomponents/httpasyncclient/4.1.4/httpasyncclient-4.1.4.jar:/Users/filippoluppi/.m2/repository/org/apache/httpcomponents/httpcore-nio/4.4.13/httpcore-nio-4.4.13.jar:/Users/filippoluppi/.m2/repository/commons-codec/commons-codec/1.14/commons-codec-1.14.jar:/Users/filippoluppi/.m2/repository/org/elasticsearch/plugin/mapper-extras-client/7.8.1/mapper-extras-client-7.8.1.jar:/Users/filippoluppi/.m2/repository/org/elasticsearch/plugin/parent-join-client/7.8.1/parent-join-client-7.8.1.jar:/Users/filippoluppi/.m2/repository/org/elasticsearch/plugin/aggs-matrix-stats-client/7.8.1/aggs-matrix-stats-client-7.8.1.jar:/Users/filippoluppi/.m2/repository/org/elasticsearch/plugin/rank-eval-client/7.8.1/rank-eval-client-7.8.1.jar:/Users/filippoluppi/.m2/repository/org/elasticsearch/plugin/lang-mustache-client/7.8.1/lang-mustache-client-7.8.1.jar:/Users/filippoluppi/.m2/repository/com/github/spullara/mustache/java/compiler/0.9.6/compiler-0.9.6.jar:/Users/filippoluppi/.m2/repository/org/elasticsearch/elasticsearch/7.8.1/elasticsearch-7.8.1.jar:/Users/filippoluppi/.m2/repository/org/elasticsearch/elasticsearch-core/7.8.1/elasticsearch-core-7.8.1.jar:/Users/filippoluppi/.m2/repository/org/elasticsearch/elasticsearch-secure-sm/7.8.1/elasticsearch-secure-sm-7.8.1.jar:/Users/filippoluppi/.m2/repository/org/elasticsearch/elasticsearch-x-content/7.8.1/elasticsearch-x-content-7.8.1.jar:/Users/filippoluppi/.m2/repository/com/fasterxml/jackson/core/jackson-core/2.11.0/jackson-core-2.11.0.jar:/Users/filippoluppi/.m2/repository/com/fasterxml/jackson/dataformat/jackson-dataformat-smile/2.11.0/jackson-dataformat-smile-2.11.0.jar:/Users/filippoluppi/.m2/repository/com/fasterxml/jackson/dataformat/jackson-dataformat-yaml/2.11.0/jackson-dataformat-yaml-2.11.0.jar:/Users/filippoluppi/.m2/repository/com/fasterxml/jackson/dataformat/jackson-dataformat-cbor/2.11.0/jackson-dataformat-cbor-2.11.0.jar:/Users/filippoluppi/.m2/repository/org/elasticsearch/elasticsearch-geo/7.8.1/elasticsearch-geo-7.8.1.jar:/Users/filippoluppi/.m2/repository/org/apache/lucene/lucene-core/8.5.1/lucene-core-8.5.1.jar:/Users/filippoluppi/.m2/repository/org/apache/lucene/lucene-analyzers-common/8.5.1/lucene-analyzers-common-8.5.1.jar:/Users/filippoluppi/.m2/repository/org/apache/lucene/lucene-backward-codecs/8.5.1/lucene-backward-codecs-8.5.1.jar:/Users/filippoluppi/.m2/repository/org/apache/lucene/lucene-grouping/8.5.1/lucene-grouping-8.5.1.jar:/Users/filippoluppi/.m2/repository/org/apache/lucene/lucene-highlighter/8.5.1/lucene-highlighter-8.5.1.jar:/Users/filippoluppi/.m2/repository/org/apache/lucene/lucene-join/8.5.1/lucene-join-8.5.1.jar:/Users/filippoluppi/.m2/repository/org/apache/lucene/lucene-memory/8.5.1/lucene-memory-8.5.1.jar:/Users/filippoluppi/.m2/repository/org/apache/lucene/lucene-misc/8.5.1/lucene-misc-8.5.1.jar:/Users/filippoluppi/.m2/repository/org/apache/lucene/lucene-queries/8.5.1/lucene-queries-8.5.1.jar:/Users/filippoluppi/.m2/repository/org/apache/lucene/lucene-queryparser/8.5.1/lucene-queryparser-8.5.1.jar:/Users/filippoluppi/.m2/repository/org/apache/lucene/lucene-sandbox/8.5.1/lucene-sandbox-8.5.1.jar:/Users/filippoluppi/.m2/repository/org/apache/lucene/lucene-spatial-extras/8.5.1/lucene-spatial-extras-8.5.1.jar:/Users/filippoluppi/.m2/repository/org/apache/lucene/lucene-spatial3d/8.5.1/lucene-spatial3d-8.5.1.jar:/Users/filippoluppi/.m2/repository/org/apache/lucene/lucene-suggest/8.5.1/lucene-suggest-8.5.1.jar:/Users/filippoluppi/.m2/repository/org/elasticsearch/elasticsearch-cli/7.8.1/elasticsearch-cli-7.8.1.jar:/Users/filippoluppi/.m2/repository/net/sf/jopt-simple/jopt-simple/5.0.2/jopt-simple-5.0.2.jar:/Users/filippoluppi/.m2/repository/com/carrotsearch/hppc/0.8.1/hppc-0.8.1.jar:/Users/filippoluppi/.m2/repository/joda-time/joda-time/2.10.4/joda-time-2.10.4.jar:/Users/filippoluppi/.m2/repository/com/tdunning/t-digest/3.2/t-digest-3.2.jar:/Users/filippoluppi/.m2/repository/org/hdrhistogram/HdrHistogram/2.1.9/HdrHistogram-2.1.9.jar:/Users/filippoluppi/.m2/repository/org/apache/logging/log4j/log4j-api/2.13.3/log4j-api-2.13.3.jar:/Users/filippoluppi/.m2/repository/org/elasticsearch/jna/5.5.0/jna-5.5.0.jar:"/>
    <property name="sun.cpu.endian" value="little"/>
    <property name="user.home" value="/Users/filippoluppi"/>
    <property name="user.language" value="it"/>
    <property name="java.specification.vendor" value="Oracle Corporation"/>
    <property name="java.version.date" value="2019-10-15"/>
    <property name="java.home" value="/Library/Java/JavaVirtualMachines/jdk-13.0.1.jdk/Contents/Home"/>
    <property name="file.separator" value="/"/>
    <property name="basedir" value="/Users/filippoluppi/Desktop/ProgettoGEA/GeaAPI"/>
    <property name="java.vm.compressedOopsMode" value="Zero based"/>
    <property name="line.separator" value="&#10;"/>
    <property name="java.specification.name" value="Java Platform API Specification"/>
    <property name="java.vm.specification.vendor" value="Oracle Corporation"/>
    <property name="surefire.real.class.path" value="/Users/filippoluppi/Desktop/ProgettoGEA/GeaAPI/target/surefire/surefirebooter16701889170249642491.jar"/>
    <property name="sun.management.compiler" value="HotSpot 64-Bit Tiered Compilers"/>
    <property name="ftp.nonProxyHosts" value="local|*.local|169.254/16|*.169.254/16"/>
    <property name="java.runtime.version" value="13.0.1+9"/>
    <property name="user.name" value="filippoluppi"/>
    <property name="path.separator" value=":"/>
    <property name="os.version" value="10.16"/>
    <property name="java.runtime.name" value="Java(TM) SE Runtime Environment"/>
    <property name="file.encoding" value="UTF-8"/>
    <property name="java.vm.name" value="Java HotSpot(TM) 64-Bit Server VM"/>
    <property name="localRepository" value="/Users/filippoluppi/.m2/repository"/>
    <property name="java.vendor.url.bug" value="https://bugreport.java.com/bugreport/"/>
    <property name="java.io.tmpdir" value="/var/folders/11/lvsg2l1j28n4k3j78hfgxx1h0000gn/T/"/>
    <property name="java.version" value="13.0.1"/>
    <property name="user.dir" value="/Users/filippoluppi/Desktop/ProgettoGEA/GeaAPI"/>
    <property name="os.arch" value="x86_64"/>
    <property name="java.vm.specification.name" value="Java Virtual Machine Specification"/>
    <property name="idea.version2019.3.1" value="true"/>
    <property name="java.library.path" value="/Users/filippoluppi/Library/Java/Extensions:/Library/Java/Extensions:/Network/Library/Java/Extensions:/System/Library/Java/Extensions:/usr/lib/java:."/>
    <property name="java.vm.info" value="mixed mode, sharing"/>
    <property name="java.vendor" value="Oracle Corporation"/>
    <property name="java.vm.version" value="13.0.1+9"/>
    <property name="sun.io.unicode.encoding" value="UnicodeBig"/>
    <property name="socksNonProxyHosts" value="local|*.local|169.254/16|*.169.254/16"/>
    <property name="java.class.version" value="57.0"/>
  </properties>
  <testcase name="test_that_set_home_mac_can_t_accept_invalid_home_mac" classname="API.model.HumidityModelTest" time="0"/>
  <testcase name="test_that_set_sensor_mac_can_t_accept_invalid_sensor_mac" classname="API.model.HumidityModelTest" time="0"/>
  <testcase name="test_that_costructor_can_t_accept_invalid_sensor_mac" classname="API.model.HumidityModelTest" time="0"/>
  <testcase name="test_that_costructor_can_t_accept_invalid_home_mac" classname="API.model.HumidityModelTest" time="0"/>
  <testcase name="test_that_costructor_accept_real_mac_as_string" classname="API.model.HumidityModelTest" time="0"/>
</testsuite>